Determining if the pthread_create exist failed with the following output:
Change Dir: /home/chenshengchen/ros/workspace/hector_slam/build/CMakeFiles/CMakeTmp

Run Build Command:"/usr/bin/make" "cmTC_cb1dd/fast"
/usr/bin/make -f CMakeFiles/cmTC_cb1dd.dir/build.make CMakeFiles/cmTC_cb1dd.dir/build
make[1]: Entering directory '/home/chenshengchen/ros/workspace/hector_slam/build/CMakeFiles/CMakeTmp'
Building C object CMakeFiles/cmTC_cb1dd.dir/CheckSymbolExists.c.o
/usr/bin/cc     -o CMakeFiles/cmTC_cb1dd.dir/CheckSymbolExists.c.o   -c /home/chenshengchen/ros/workspace/hector_slam/build/CMakeFiles/CMakeTmp/CheckSymbolExists.c
Linking C executable cmTC_cb1dd
/usr/bin/cmake -E cmake_link_script CMakeFiles/cmTC_cb1dd.dir/link.txt --verbose=1
/usr/bin/cc       CMakeFiles/cmTC_cb1dd.dir/CheckSymbolExists.c.o  -o cmTC_cb1dd -rdynamic 
CMakeFiles/cmTC_cb1dd.dir/CheckSymbolExists.c.o: In function `main':
CheckSymbolExists.c:(.text+0x16): undefined reference to `pthread_create'
collect2: error: ld returned 1 exit status
CMakeFiles/cmTC_cb1dd.dir/build.make:97: recipe for target 'cmTC_cb1dd' failed
make[1]: *** [cmTC_cb1dd] Error 1
make[1]: Leaving directory '/home/chenshengchen/ros/workspace/hector_slam/build/CMakeFiles/CMakeTmp'
Makefile:126: recipe for target 'cmTC_cb1dd/fast' failed
make: *** [cmTC_cb1dd/fast] Error 2

File /home/chenshengchen/ros/workspace/hector_slam/build/CMakeFiles/CMakeTmp/CheckSymbolExists.c:
/* */
#include <pthread.h>

int main(int argc, char** argv)
{
  (void)argv;
#ifndef pthread_create
  return ((int*)(&pthread_create))[argc];
#else
  (void)argc;
  return 0;
#endif
}

Determining if the function pthread_create exists in the pthreads failed with the following output:
Change Dir: /home/chenshengchen/ros/workspace/hector_slam/build/CMakeFiles/CMakeTmp

Run Build Command:"/usr/bin/make" "cmTC_36bea/fast"
/usr/bin/make -f CMakeFiles/cmTC_36bea.dir/build.make CMakeFiles/cmTC_36bea.dir/build
make[1]: Entering directory '/home/chenshengchen/ros/workspace/hector_slam/build/CMakeFiles/CMakeTmp'
Building C object CMakeFiles/cmTC_36bea.dir/CheckFunctionExists.c.o
/usr/bin/cc    -DCHECK_FUNCTION_EXISTS=pthread_create   -o CMakeFiles/cmTC_36bea.dir/CheckFunctionExists.c.o   -c /usr/share/cmake-3.5/Modules/CheckFunctionExists.c
Linking C executable cmTC_36bea
/usr/bin/cmake -E cmake_link_script CMakeFiles/cmTC_36bea.dir/link.txt --verbose=1
/usr/bin/cc   -DCHECK_FUNCTION_EXISTS=pthread_create    CMakeFiles/cmTC_36bea.dir/CheckFunctionExists.c.o  -o cmTC_36bea -rdynamic -lpthreads 
/usr/bin/ld: cannot find -lpthreads
collect2: error: ld returned 1 exit status
CMakeFiles/cmTC_36bea.dir/build.make:97: recipe for target 'cmTC_36bea' failed
make[1]: *** [cmTC_36bea] Error 1
make[1]: Leaving directory '/home/chenshengchen/ros/workspace/hector_slam/build/CMakeFiles/CMakeTmp'
Makefile:126: recipe for target 'cmTC_36bea/fast' failed
make: *** [cmTC_36bea/fast] Error 2


Determining if the Q_WS_WIN exist failed with the following output:
Change Dir: /home/chenshengchen/ros/workspace/hector_slam/build/CMakeFiles/CMakeTmp

Run Build Command:"/usr/bin/make" "cmTC_68d74/fast"
/usr/bin/make -f CMakeFiles/cmTC_68d74.dir/build.make CMakeFiles/cmTC_68d74.dir/build
make[1]: Entering directory '/home/chenshengchen/ros/workspace/hector_slam/build/CMakeFiles/CMakeTmp'
Building CXX object CMakeFiles/cmTC_68d74.dir/CheckSymbolExists.cxx.o
/usr/bin/c++    -I/usr/include/qt4   -o CMakeFiles/cmTC_68d74.dir/CheckSymbolExists.cxx.o -c /home/chenshengchen/ros/workspace/hector_slam/build/CMakeFiles/CMakeTmp/CheckSymbolExists.cxx
/home/chenshengchen/ros/workspace/hector_slam/build/CMakeFiles/CMakeTmp/CheckSymbolExists.cxx: In function ‘int main(int, char**)’:
/home/chenshengchen/ros/workspace/hector_slam/build/CMakeFiles/CMakeTmp/CheckSymbolExists.cxx:8:19: error: ‘Q_WS_WIN’ was not declared in this scope
   return ((int*)(&Q_WS_WIN))[argc];
                   ^
CMakeFiles/cmTC_68d74.dir/build.make:65: recipe for target 'CMakeFiles/cmTC_68d74.dir/CheckSymbolExists.cxx.o' failed
make[1]: *** [CMakeFiles/cmTC_68d74.dir/CheckSymbolExists.cxx.o] Error 1
make[1]: Leaving directory '/home/chenshengchen/ros/workspace/hector_slam/build/CMakeFiles/CMakeTmp'
Makefile:126: recipe for target 'cmTC_68d74/fast' failed
make: *** [cmTC_68d74/fast] Error 2

File /home/chenshengchen/ros/workspace/hector_slam/build/CMakeFiles/CMakeTmp/CheckSymbolExists.cxx:
/* */
#include <QtCore/qglobal.h>

int main(int argc, char** argv)
{
  (void)argv;
#ifndef Q_WS_WIN
  return ((int*)(&Q_WS_WIN))[argc];
#else
  (void)argc;
  return 0;
#endif
}

Determining if the Q_WS_QWS exist failed with the following output:
Change Dir: /home/chenshengchen/ros/workspace/hector_slam/build/CMakeFiles/CMakeTmp

Run Build Command:"/usr/bin/make" "cmTC_15a0e/fast"
/usr/bin/make -f CMakeFiles/cmTC_15a0e.dir/build.make CMakeFiles/cmTC_15a0e.dir/build
make[1]: Entering directory '/home/chenshengchen/ros/workspace/hector_slam/build/CMakeFiles/CMakeTmp'
Building CXX object CMakeFiles/cmTC_15a0e.dir/CheckSymbolExists.cxx.o
/usr/bin/c++    -I/usr/include/qt4   -o CMakeFiles/cmTC_15a0e.dir/CheckSymbolExists.cxx.o -c /home/chenshengchen/ros/workspace/hector_slam/build/CMakeFiles/CMakeTmp/CheckSymbolExists.cxx
/home/chenshengchen/ros/workspace/hector_slam/build/CMakeFiles/CMakeTmp/CheckSymbolExists.cxx: In function ‘int main(int, char**)’:
/home/chenshengchen/ros/workspace/hector_slam/build/CMakeFiles/CMakeTmp/CheckSymbolExists.cxx:8:19: error: ‘Q_WS_QWS’ was not declared in this scope
   return ((int*)(&Q_WS_QWS))[argc];
                   ^
CMakeFiles/cmTC_15a0e.dir/build.make:65: recipe for target 'CMakeFiles/cmTC_15a0e.dir/CheckSymbolExists.cxx.o' failed
make[1]: *** [CMakeFiles/cmTC_15a0e.dir/CheckSymbolExists.cxx.o] Error 1
make[1]: Leaving directory '/home/chenshengchen/ros/workspace/hector_slam/build/CMakeFiles/CMakeTmp'
Makefile:126: recipe for target 'cmTC_15a0e/fast' failed
make: *** [cmTC_15a0e/fast] Error 2

File /home/chenshengchen/ros/workspace/hector_slam/build/CMakeFiles/CMakeTmp/CheckSymbolExists.cxx:
/* */
#include <QtCore/qglobal.h>

int main(int argc, char** argv)
{
  (void)argv;
#ifndef Q_WS_QWS
  return ((int*)(&Q_WS_QWS))[argc];
#else
  (void)argc;
  return 0;
#endif
}

Determining if the Q_WS_MAC exist failed with the following output:
Change Dir: /home/chenshengchen/ros/workspace/hector_slam/build/CMakeFiles/CMakeTmp

Run Build Command:"/usr/bin/make" "cmTC_3d68c/fast"
/usr/bin/make -f CMakeFiles/cmTC_3d68c.dir/build.make CMakeFiles/cmTC_3d68c.dir/build
make[1]: Entering directory '/home/chenshengchen/ros/workspace/hector_slam/build/CMakeFiles/CMakeTmp'
Building CXX object CMakeFiles/cmTC_3d68c.dir/CheckSymbolExists.cxx.o
/usr/bin/c++    -I/usr/include/qt4   -o CMakeFiles/cmTC_3d68c.dir/CheckSymbolExists.cxx.o -c /home/chenshengchen/ros/workspace/hector_slam/build/CMakeFiles/CMakeTmp/CheckSymbolExists.cxx
/home/chenshengchen/ros/workspace/hector_slam/build/CMakeFiles/CMakeTmp/CheckSymbolExists.cxx: In function ‘int main(int, char**)’:
/home/chenshengchen/ros/workspace/hector_slam/build/CMakeFiles/CMakeTmp/CheckSymbolExists.cxx:8:19: error: ‘Q_WS_MAC’ was not declared in this scope
   return ((int*)(&Q_WS_MAC))[argc];
                   ^
CMakeFiles/cmTC_3d68c.dir/build.make:65: recipe for target 'CMakeFiles/cmTC_3d68c.dir/CheckSymbolExists.cxx.o' failed
make[1]: *** [CMakeFiles/cmTC_3d68c.dir/CheckSymbolExists.cxx.o] Error 1
make[1]: Leaving directory '/home/chenshengchen/ros/workspace/hector_slam/build/CMakeFiles/CMakeTmp'
Makefile:126: recipe for target 'cmTC_3d68c/fast' failed
make: *** [cmTC_3d68c/fast] Error 2

File /home/chenshengchen/ros/workspace/hector_slam/build/CMakeFiles/CMakeTmp/CheckSymbolExists.cxx:
/* */
#include <QtCore/qglobal.h>

int main(int argc, char** argv)
{
  (void)argv;
#ifndef Q_WS_MAC
  return ((int*)(&Q_WS_MAC))[argc];
#else
  (void)argc;
  return 0;
#endif
}

